{
  "0 debug pnpm:scope": {
    "selected": 1
  },
  "1 error pnpm": {
    "code": "ELIFECYCLE",
    "errno": "ENOENT",
    "syscall": "spawn",
    "file": "sh",
    "pkgid": "weather-app@0.0.0",
    "stage": "dev",
    "script": "vite",
    "pkgname": "weather-app",
    "err": {
      "name": "Error",
      "message": "weather-app@0.0.0 dev: `vite`\nspawn ENOENT",
      "code": "ELIFECYCLE",
      "stack": "Error: weather-app@0.0.0 dev: `vite`\nspawn ENOENT\n    at ChildProcess.<anonymous> (/Users/fineasanton/.node/corepack/pnpm/6.11.0/dist/pnpm.cjs:93073:22)\n    at ChildProcess.emit (node:events:537:28)\n    at maybeClose (node:internal/child_process:1091:16)\n    at ChildProcess._handle.onexit (node:internal/child_process:302:5)"
    }
  }
}